<html>
<body>
<pre>
<h1>µVision Build Log</h1>
<h2>Project:</h2>
E:\Dropbox\workspace\MCU\STM32\[2013.08.18] ADC Test\Project_TestVG_ADC\STM32F4_ADC_Test.uvproj
Project File Date:  08/23/2013

<h2>Output:</h2>
Rebuild target 'STM32F4VGT'
assembling startup_stm32f4xx.s...
compiling ADC_Test_Main.c...
..\Libraries\CMSIS\stm32f4xx.h(6968): error:  #5: cannot open source input file "stm32f4xx_conf.h": No such file or directory
compiling system_stm32f4xx.c...
..\Libraries\CMSIS\stm32f4xx.h(6968): error:  #5: cannot open source input file "stm32f4xx_conf.h": No such file or directory
compiling stm32f4_delay.c...
..\Libraries\CMSIS\stm32f4xx.h(6968): error:  #5: cannot open source input file "stm32f4xx_conf.h": No such file or directory
compiling stm32f4_gpio_config.c...
..\Libraries\CMSIS\stm32f4xx.h(6968): error:  #5: cannot open source input file "stm32f4xx_conf.h": No such file or directory
compiling misc.c...
..\Libraries\CMSIS\stm32f4xx.h(6968): error:  #5: cannot open source input file "stm32f4xx_conf.h": No such file or directory
compiling stm32f4xx_adc.c...
..\Libraries\CMSIS\stm32f4xx.h(6968): error:  #5: cannot open source input file "stm32f4xx_conf.h": No such file or directory
compiling stm32f4xx_can.c...
..\Libraries\CMSIS\stm32f4xx.h(6968): error:  #5: cannot open source input file "stm32f4xx_conf.h": No such file or directory
compiling stm32f4xx_crc.c...
..\Libraries\CMSIS\stm32f4xx.h(6968): error:  #5: cannot open source input file "stm32f4xx_conf.h": No such file or directory
compiling stm32f4xx_cryp.c...
..\Libraries\CMSIS\stm32f4xx.h(6968): error:  #5: cannot open source input file "stm32f4xx_conf.h": No such file or directory
compiling stm32f4xx_cryp_aes.c...
..\Libraries\CMSIS\stm32f4xx.h(6968): error:  #5: cannot open source input file "stm32f4xx_conf.h": No such file or directory
compiling stm32f4xx_cryp_des.c...
..\Libraries\CMSIS\stm32f4xx.h(6968): error:  #5: cannot open source input file "stm32f4xx_conf.h": No such file or directory
compiling stm32f4xx_cryp_tdes.c...
..\Libraries\CMSIS\stm32f4xx.h(6968): error:  #5: cannot open source input file "stm32f4xx_conf.h": No such file or directory
compiling stm32f4xx_dac.c...
..\Libraries\CMSIS\stm32f4xx.h(6968): error:  #5: cannot open source input file "stm32f4xx_conf.h": No such file or directory
compiling stm32f4xx_dbgmcu.c...
..\Libraries\CMSIS\stm32f4xx.h(6968): error:  #5: cannot open source input file "stm32f4xx_conf.h": No such file or directory
compiling stm32f4xx_dcmi.c...
..\Libraries\CMSIS\stm32f4xx.h(6968): error:  #5: cannot open source input file "stm32f4xx_conf.h": No such file or directory
compiling stm32f4xx_dma.c...
..\Libraries\CMSIS\stm32f4xx.h(6968): error:  #5: cannot open source input file "stm32f4xx_conf.h": No such file or directory
compiling stm32f4xx_exti.c...
..\Libraries\CMSIS\stm32f4xx.h(6968): error:  #5: cannot open source input file "stm32f4xx_conf.h": No such file or directory
compiling stm32f4xx_flash.c...
..\Libraries\CMSIS\stm32f4xx.h(6968): error:  #5: cannot open source input file "stm32f4xx_conf.h": No such file or directory
compiling stm32f4xx_fsmc.c...
..\Libraries\CMSIS\stm32f4xx.h(6968): error:  #5: cannot open source input file "stm32f4xx_conf.h": No such file or directory
compiling stm32f4xx_gpio.c...
..\Libraries\CMSIS\stm32f4xx.h(6968): error:  #5: cannot open source input file "stm32f4xx_conf.h": No such file or directory
compiling stm32f4xx_hash.c...
..\Libraries\CMSIS\stm32f4xx.h(6968): error:  #5: cannot open source input file "stm32f4xx_conf.h": No such file or directory
compiling stm32f4xx_hash_md5.c...
..\Libraries\CMSIS\stm32f4xx.h(6968): error:  #5: cannot open source input file "stm32f4xx_conf.h": No such file or directory
compiling stm32f4xx_hash_sha1.c...
..\Libraries\CMSIS\stm32f4xx.h(6968): error:  #5: cannot open source input file "stm32f4xx_conf.h": No such file or directory
compiling stm32f4xx_i2c.c...
..\Libraries\CMSIS\stm32f4xx.h(6968): error:  #5: cannot open source input file "stm32f4xx_conf.h": No such file or directory
compiling stm32f4xx_iwdg.c...
..\Libraries\CMSIS\stm32f4xx.h(6968): error:  #5: cannot open source input file "stm32f4xx_conf.h": No such file or directory
compiling stm32f4xx_pwr.c...
..\Libraries\CMSIS\stm32f4xx.h(6968): error:  #5: cannot open source input file "stm32f4xx_conf.h": No such file or directory
compiling stm32f4xx_rcc.c...
..\Libraries\CMSIS\stm32f4xx.h(6968): error:  #5: cannot open source input file "stm32f4xx_conf.h": No such file or directory
compiling stm32f4xx_rng.c...
..\Libraries\CMSIS\stm32f4xx.h(6968): error:  #5: cannot open source input file "stm32f4xx_conf.h": No such file or directory
compiling stm32f4xx_rtc.c...
..\Libraries\CMSIS\stm32f4xx.h(6968): error:  #5: cannot open source input file "stm32f4xx_conf.h": No such file or directory
compiling stm32f4xx_sdio.c...
..\Libraries\CMSIS\stm32f4xx.h(6968): error:  #5: cannot open source input file "stm32f4xx_conf.h": No such file or directory
compiling stm32f4xx_spi.c...
..\Libraries\CMSIS\stm32f4xx.h(6968): error:  #5: cannot open source input file "stm32f4xx_conf.h": No such file or directory
compiling stm32f4xx_syscfg.c...
..\Libraries\CMSIS\stm32f4xx.h(6968): error:  #5: cannot open source input file "stm32f4xx_conf.h": No such file or directory
compiling stm32f4xx_tim.c...
..\Libraries\CMSIS\stm32f4xx.h(6968): error:  #5: cannot open source input file "stm32f4xx_conf.h": No such file or directory
compiling stm32f4xx_usart.c...
..\Libraries\CMSIS\stm32f4xx.h(6968): error:  #5: cannot open source input file "stm32f4xx_conf.h": No such file or directory
compiling stm32f4xx_wwdg.c...
..\Libraries\CMSIS\stm32f4xx.h(6968): error:  #5: cannot open source input file "stm32f4xx_conf.h": No such file or directory
Target not created
Rebuild target 'STM32F4VGT'
assembling startup_stm32f4xx.s...
compiling ADC_Test_Main.c...
..\Program\ADC_Test_Main.c(22): error:  #20: identifier "ADC_InitTypeDef" is undefined
compiling system_stm32f4xx.c...
compiling stm32f4_delay.c...
compiling stm32f4_gpio_config.c...
compiling misc.c...
compiling stm32f4xx_adc.c...
compiling stm32f4xx_can.c...
compiling stm32f4xx_crc.c...
compiling stm32f4xx_cryp.c...
compiling stm32f4xx_cryp_aes.c...
compiling stm32f4xx_cryp_des.c...
compiling stm32f4xx_cryp_tdes.c...
compiling stm32f4xx_dac.c...
compiling stm32f4xx_dbgmcu.c...
compiling stm32f4xx_dcmi.c...
compiling stm32f4xx_dma.c...
compiling stm32f4xx_exti.c...
compiling stm32f4xx_flash.c...
compiling stm32f4xx_fsmc.c...
compiling stm32f4xx_gpio.c...
compiling stm32f4xx_hash.c...
compiling stm32f4xx_hash_md5.c...
compiling stm32f4xx_hash_sha1.c...
compiling stm32f4xx_i2c.c...
compiling stm32f4xx_iwdg.c...
compiling stm32f4xx_pwr.c...
compiling stm32f4xx_rcc.c...
compiling stm32f4xx_rng.c...
compiling stm32f4xx_rtc.c...
compiling stm32f4xx_sdio.c...
compiling stm32f4xx_spi.c...
compiling stm32f4xx_syscfg.c...
compiling stm32f4xx_tim.c...
compiling stm32f4xx_usart.c...
compiling stm32f4xx_wwdg.c...
Target not created
Rebuild target 'STM32F4VGT'
assembling startup_stm32f4xx.s...
compiling ADC_Test_Main.c...
..\Program\ADC_Test_Main.c(23): error:  #20: identifier "ADC_InitTypeDef" is undefined
compiling system_stm32f4xx.c...
compiling stm32f4_delay.c...
compiling stm32f4_gpio_config.c...
compiling misc.c...
compiling stm32f4xx_adc.c...
compiling stm32f4xx_can.c...
compiling stm32f4xx_crc.c...
compiling stm32f4xx_cryp.c...
compiling stm32f4xx_cryp_aes.c...
compiling stm32f4xx_cryp_des.c...
compiling stm32f4xx_cryp_tdes.c...
compiling stm32f4xx_dac.c...
compiling stm32f4xx_dbgmcu.c...
compiling stm32f4xx_dcmi.c...
compiling stm32f4xx_dma.c...
compiling stm32f4xx_exti.c...
compiling stm32f4xx_flash.c...
compiling stm32f4xx_fsmc.c...
compiling stm32f4xx_gpio.c...
compiling stm32f4xx_hash.c...
compiling stm32f4xx_hash_md5.c...
compiling stm32f4xx_hash_sha1.c...
compiling stm32f4xx_i2c.c...
compiling stm32f4xx_iwdg.c...
compiling stm32f4xx_pwr.c...
compiling stm32f4xx_rcc.c...
compiling stm32f4xx_rng.c...
compiling stm32f4xx_rtc.c...
compiling stm32f4xx_sdio.c...
compiling stm32f4xx_spi.c...
compiling stm32f4xx_syscfg.c...
compiling stm32f4xx_tim.c...
compiling stm32f4xx_usart.c...
compiling stm32f4xx_wwdg.c...
Target not created
Rebuild target 'STM32F4VGT'
assembling startup_stm32f4xx.s...
compiling ADC_Test_Main.c...
..\Program\ADC_Test_Main.c(23): warning:  #177-D: variable "ADC_InitStruct" was declared but never referenced
compiling system_stm32f4xx.c...
compiling stm32f4_delay.c...
compiling stm32f4_gpio_config.c...
compiling misc.c...
compiling stm32f4xx_adc.c...
compiling stm32f4xx_can.c...
compiling stm32f4xx_crc.c...
compiling stm32f4xx_cryp.c...
compiling stm32f4xx_cryp_aes.c...
compiling stm32f4xx_cryp_des.c...
compiling stm32f4xx_cryp_tdes.c...
compiling stm32f4xx_dac.c...
compiling stm32f4xx_dbgmcu.c...
compiling stm32f4xx_dcmi.c...
compiling stm32f4xx_dma.c...
compiling stm32f4xx_exti.c...
compiling stm32f4xx_flash.c...
compiling stm32f4xx_fsmc.c...
compiling stm32f4xx_gpio.c...
compiling stm32f4xx_hash.c...
compiling stm32f4xx_hash_md5.c...
compiling stm32f4xx_hash_sha1.c...
compiling stm32f4xx_i2c.c...
compiling stm32f4xx_iwdg.c...
compiling stm32f4xx_pwr.c...
compiling stm32f4xx_rcc.c...
compiling stm32f4xx_rng.c...
compiling stm32f4xx_rtc.c...
compiling stm32f4xx_sdio.c...
compiling stm32f4xx_spi.c...
compiling stm32f4xx_syscfg.c...
compiling stm32f4xx_tim.c...
compiling stm32f4xx_usart.c...
compiling stm32f4xx_wwdg.c...
linking...
Program Size: Code=880 RO-data=424 RW-data=20 ZI-data=1636  
".\Obj\STM32F4_ADC_Test.axf" - 0 Error(s), 1 Warning(s).
